2025-11-07 10:00:05,186 - INFO - Creating Vendor Summary Table.....
2025-11-07 10:02:43,912 - INFO -    VendorNumber                   VendorName  Brand              Description  \
0          1128  BROWN-FORMAN CORP             1233  Jack Daniels No 7 Black   
1          4425        MARTIGNETTI COMPANIES   3405    Tito's Handmade Vodka   
2         17035  PERNOD RICARD USA             8068         Absolut 80 Proof   
3          3960  DIAGEO NORTH AMERICA INC      4261   Capt Morgan Spiced Rum   
4          3960  DIAGEO NORTH AMERICA INC      3545          Ketel One Vodka   

   PurchasePrice  ActualPrice Volume  TotalPurchaseQuantity  \
0          26.27        36.99   1750               145080.0   
1          23.19        28.99   1750               164038.0   
2          18.24        24.99   1750               187407.0   
3          16.17        22.99   1750               201682.0   
4          21.89        29.99   1750               138109.0   

   TotalPurchaseDollars  TotalSalesQuantity  TotalSalesDollars  \
0            3811251.60            142049.0       5.101920e+06   
1            3804041.22            160247.0       4.819073e+06   
2            3418303.68            187140.0       4.538121e+06   
3            3261197.94            200412.0       4.475973e+06   
4            3023206.01            135838.0       4.223108e+06   

   TotalSalesPrice  TotalExciseTax  FreightCost  
0        672819.31       260999.20     68601.68  
1        561512.37       294438.66    144929.24  
2        461140.15       343854.07    123780.22  
3        420050.01       368242.80    257032.07  
4        545778.28       249587.83    257032.07  
2025-11-07 10:02:43,952 - INFO - Cleaning Data.....
2025-11-07 10:02:43,988 - INFO -    VendorNumber                VendorName  Brand              Description  \
0          1128         BROWN-FORMAN CORP   1233  Jack Daniels No 7 Black   
1          4425     MARTIGNETTI COMPANIES   3405    Tito's Handmade Vodka   
2         17035         PERNOD RICARD USA   8068         Absolut 80 Proof   
3          3960  DIAGEO NORTH AMERICA INC   4261   Capt Morgan Spiced Rum   
4          3960  DIAGEO NORTH AMERICA INC   3545          Ketel One Vodka   

   PurchasePrice  ActualPrice  Volume  TotalPurchaseQuantity  \
0          26.27        36.99  1750.0               145080.0   
1          23.19        28.99  1750.0               164038.0   
2          18.24        24.99  1750.0               187407.0   
3          16.17        22.99  1750.0               201682.0   
4          21.89        29.99  1750.0               138109.0   

   TotalPurchaseDollars  TotalSalesQuantity  TotalSalesDollars  \
0            3811251.60            142049.0       5.101920e+06   
1            3804041.22            160247.0       4.819073e+06   
2            3418303.68            187140.0       4.538121e+06   
3            3261197.94            200412.0       4.475973e+06   
4            3023206.01            135838.0       4.223108e+06   

   TotalSalesPrice  TotalExciseTax  FreightCost  GrossProfit  ProfitMargin  \
0        672819.31       260999.20     68601.68   1290667.91     25.297693   
1        561512.37       294438.66    144929.24   1015032.27     21.062810   
2        461140.15       343854.07    123780.22   1119816.92     24.675786   
3        420050.01       368242.80    257032.07   1214774.94     27.139908   
4        545778.28       249587.83    257032.07   1199901.61     28.412764   

   StockTurnover  SalesToPurchaseRatio  
0       0.979108              1.338647  
1       0.976890              1.266830  
2       0.998575              1.327594  
3       0.993703              1.372493  
4       0.983556              1.396897  
2025-11-07 10:02:43,996 - INFO - Ingesting data into MySQL.....
2025-11-07 10:04:22,220 - INFO - Creating Vendor Summary Table.....
2025-11-07 10:06:01,823 - INFO -    VendorNumber                   VendorName  Brand              Description  \
0          1128  BROWN-FORMAN CORP             1233  Jack Daniels No 7 Black   
1          4425        MARTIGNETTI COMPANIES   3405    Tito's Handmade Vodka   
2         17035  PERNOD RICARD USA             8068         Absolut 80 Proof   
3          3960  DIAGEO NORTH AMERICA INC      4261   Capt Morgan Spiced Rum   
4          3960  DIAGEO NORTH AMERICA INC      3545          Ketel One Vodka   

   PurchasePrice  ActualPrice Volume  TotalPurchaseQuantity  \
0          26.27        36.99   1750               145080.0   
1          23.19        28.99   1750               164038.0   
2          18.24        24.99   1750               187407.0   
3          16.17        22.99   1750               201682.0   
4          21.89        29.99   1750               138109.0   

   TotalPurchaseDollars  TotalSalesQuantity  TotalSalesDollars  \
0            3811251.60            142049.0       5.101920e+06   
1            3804041.22            160247.0       4.819073e+06   
2            3418303.68            187140.0       4.538121e+06   
3            3261197.94            200412.0       4.475973e+06   
4            3023206.01            135838.0       4.223108e+06   

   TotalSalesPrice  TotalExciseTax  FreightCost  
0        672819.31       260999.20     68601.68  
1        561512.37       294438.66    144929.24  
2        461140.15       343854.07    123780.22  
3        420050.01       368242.80    257032.07  
4        545778.28       249587.83    257032.07  
2025-11-07 10:06:01,829 - INFO - Cleaning Data.....
2025-11-07 10:06:01,850 - INFO -    VendorNumber                VendorName  Brand              Description  \
0          1128         BROWN-FORMAN CORP   1233  Jack Daniels No 7 Black   
1          4425     MARTIGNETTI COMPANIES   3405    Tito's Handmade Vodka   
2         17035         PERNOD RICARD USA   8068         Absolut 80 Proof   
3          3960  DIAGEO NORTH AMERICA INC   4261   Capt Morgan Spiced Rum   
4          3960  DIAGEO NORTH AMERICA INC   3545          Ketel One Vodka   

   PurchasePrice  ActualPrice  Volume  TotalPurchaseQuantity  \
0          26.27        36.99  1750.0               145080.0   
1          23.19        28.99  1750.0               164038.0   
2          18.24        24.99  1750.0               187407.0   
3          16.17        22.99  1750.0               201682.0   
4          21.89        29.99  1750.0               138109.0   

   TotalPurchaseDollars  TotalSalesQuantity  TotalSalesDollars  \
0            3811251.60            142049.0       5.101920e+06   
1            3804041.22            160247.0       4.819073e+06   
2            3418303.68            187140.0       4.538121e+06   
3            3261197.94            200412.0       4.475973e+06   
4            3023206.01            135838.0       4.223108e+06   

   TotalSalesPrice  TotalExciseTax  FreightCost  GrossProfit  ProfitMargin  \
0        672819.31       260999.20     68601.68   1290667.91     25.297693   
1        561512.37       294438.66    144929.24   1015032.27     21.062810   
2        461140.15       343854.07    123780.22   1119816.92     24.675786   
3        420050.01       368242.80    257032.07   1214774.94     27.139908   
4        545778.28       249587.83    257032.07   1199901.61     28.412764   

   StockTurnover  SalesToPurchaseRatio  
0       0.979108              1.338647  
1       0.976890              1.266830  
2       0.998575              1.327594  
3       0.993703              1.372493  
4       0.983556              1.396897  
2025-11-07 10:06:01,858 - INFO - Ingesting data into MySQL.....
2025-11-07 10:06:03,078 - INFO - Data ingested into table `vendor_sales_summary` successfully.
2025-11-07 10:06:03,078 - INFO - Completed
2025-11-07 10:06:26,820 - INFO - Creating Vendor Summary Table.....
2025-11-07 10:07:46,806 - INFO -    VendorNumber                   VendorName  Brand              Description  \
0          1128  BROWN-FORMAN CORP             1233  Jack Daniels No 7 Black   
1          4425        MARTIGNETTI COMPANIES   3405    Tito's Handmade Vodka   
2         17035  PERNOD RICARD USA             8068         Absolut 80 Proof   
3          3960  DIAGEO NORTH AMERICA INC      4261   Capt Morgan Spiced Rum   
4          3960  DIAGEO NORTH AMERICA INC      3545          Ketel One Vodka   

   PurchasePrice  ActualPrice Volume  TotalPurchaseQuantity  \
0          26.27        36.99   1750               145080.0   
1          23.19        28.99   1750               164038.0   
2          18.24        24.99   1750               187407.0   
3          16.17        22.99   1750               201682.0   
4          21.89        29.99   1750               138109.0   

   TotalPurchaseDollars  TotalSalesQuantity  TotalSalesDollars  \
0            3811251.60            142049.0       5.101920e+06   
1            3804041.22            160247.0       4.819073e+06   
2            3418303.68            187140.0       4.538121e+06   
3            3261197.94            200412.0       4.475973e+06   
4            3023206.01            135838.0       4.223108e+06   

   TotalSalesPrice  TotalExciseTax  FreightCost  
0        672819.31       260999.20     68601.68  
1        561512.37       294438.66    144929.24  
2        461140.15       343854.07    123780.22  
3        420050.01       368242.80    257032.07  
4        545778.28       249587.83    257032.07  
2025-11-07 10:07:46,813 - INFO - Cleaning Data.....
2025-11-07 10:07:46,828 - INFO -    VendorNumber                VendorName  Brand              Description  \
0          1128         BROWN-FORMAN CORP   1233  Jack Daniels No 7 Black   
1          4425     MARTIGNETTI COMPANIES   3405    Tito's Handmade Vodka   
2         17035         PERNOD RICARD USA   8068         Absolut 80 Proof   
3          3960  DIAGEO NORTH AMERICA INC   4261   Capt Morgan Spiced Rum   
4          3960  DIAGEO NORTH AMERICA INC   3545          Ketel One Vodka   

   PurchasePrice  ActualPrice  Volume  TotalPurchaseQuantity  \
0          26.27        36.99  1750.0               145080.0   
1          23.19        28.99  1750.0               164038.0   
2          18.24        24.99  1750.0               187407.0   
3          16.17        22.99  1750.0               201682.0   
4          21.89        29.99  1750.0               138109.0   

   TotalPurchaseDollars  TotalSalesQuantity  TotalSalesDollars  \
0            3811251.60            142049.0       5.101920e+06   
1            3804041.22            160247.0       4.819073e+06   
2            3418303.68            187140.0       4.538121e+06   
3            3261197.94            200412.0       4.475973e+06   
4            3023206.01            135838.0       4.223108e+06   

   TotalSalesPrice  TotalExciseTax  FreightCost  GrossProfit  ProfitMargin  \
0        672819.31       260999.20     68601.68   1290667.91     25.297693   
1        561512.37       294438.66    144929.24   1015032.27     21.062810   
2        461140.15       343854.07    123780.22   1119816.92     24.675786   
3        420050.01       368242.80    257032.07   1214774.94     27.139908   
4        545778.28       249587.83    257032.07   1199901.61     28.412764   

   StockTurnover  SalesToPurchaseRatio  
0       0.979108              1.338647  
1       0.976890              1.266830  
2       0.998575              1.327594  
3       0.993703              1.372493  
4       0.983556              1.396897  
2025-11-07 10:07:46,834 - INFO - Ingesting data into MySQL.....
2025-11-07 10:07:48,006 - INFO - Data ingested into table `vendor_sales_summary` successfully.
2025-11-07 10:07:48,006 - INFO - Completed
2025-11-07 10:09:26,466 - INFO - Creating Vendor Summary Table.....
2025-11-07 10:10:53,648 - INFO -    VendorNumber                   VendorName  Brand              Description  \
0          1128  BROWN-FORMAN CORP             1233  Jack Daniels No 7 Black   
1          4425        MARTIGNETTI COMPANIES   3405    Tito's Handmade Vodka   
2         17035  PERNOD RICARD USA             8068         Absolut 80 Proof   
3          3960  DIAGEO NORTH AMERICA INC      4261   Capt Morgan Spiced Rum   
4          3960  DIAGEO NORTH AMERICA INC      3545          Ketel One Vodka   

   PurchasePrice  ActualPrice Volume  TotalPurchaseQuantity  \
0          26.27        36.99   1750               145080.0   
1          23.19        28.99   1750               164038.0   
2          18.24        24.99   1750               187407.0   
3          16.17        22.99   1750               201682.0   
4          21.89        29.99   1750               138109.0   

   TotalPurchaseDollars  TotalSalesQuantity  TotalSalesDollars  \
0            3811251.60            142049.0       5.101920e+06   
1            3804041.22            160247.0       4.819073e+06   
2            3418303.68            187140.0       4.538121e+06   
3            3261197.94            200412.0       4.475973e+06   
4            3023206.01            135838.0       4.223108e+06   

   TotalSalesPrice  TotalExciseTax  FreightCost  
0        672819.31       260999.20     68601.68  
1        561512.37       294438.66    144929.24  
2        461140.15       343854.07    123780.22  
3        420050.01       368242.80    257032.07  
4        545778.28       249587.83    257032.07  
2025-11-07 10:10:53,656 - INFO - Cleaning Data.....
2025-11-07 10:10:53,672 - INFO -    VendorNumber                VendorName  Brand              Description  \
0          1128         BROWN-FORMAN CORP   1233  Jack Daniels No 7 Black   
1          4425     MARTIGNETTI COMPANIES   3405    Tito's Handmade Vodka   
2         17035         PERNOD RICARD USA   8068         Absolut 80 Proof   
3          3960  DIAGEO NORTH AMERICA INC   4261   Capt Morgan Spiced Rum   
4          3960  DIAGEO NORTH AMERICA INC   3545          Ketel One Vodka   

   PurchasePrice  ActualPrice  Volume  TotalPurchaseQuantity  \
0          26.27        36.99  1750.0               145080.0   
1          23.19        28.99  1750.0               164038.0   
2          18.24        24.99  1750.0               187407.0   
3          16.17        22.99  1750.0               201682.0   
4          21.89        29.99  1750.0               138109.0   

   TotalPurchaseDollars  TotalSalesQuantity  TotalSalesDollars  \
0            3811251.60            142049.0       5.101920e+06   
1            3804041.22            160247.0       4.819073e+06   
2            3418303.68            187140.0       4.538121e+06   
3            3261197.94            200412.0       4.475973e+06   
4            3023206.01            135838.0       4.223108e+06   

   TotalSalesPrice  TotalExciseTax  FreightCost  GrossProfit  ProfitMargin  \
0        672819.31       260999.20     68601.68   1290667.91     25.297693   
1        561512.37       294438.66    144929.24   1015032.27     21.062810   
2        461140.15       343854.07    123780.22   1119816.92     24.675786   
3        420050.01       368242.80    257032.07   1214774.94     27.139908   
4        545778.28       249587.83    257032.07   1199901.61     28.412764   

   StockTurnover  SalesToPurchaseRatio  
0       0.979108              1.338647  
1       0.976890              1.266830  
2       0.998575              1.327594  
3       0.993703              1.372493  
4       0.983556              1.396897  
2025-11-07 10:10:53,684 - INFO - Ingesting data into MySQL.....
2025-11-07 10:10:54,833 - INFO - Data ingested into table `vendor_sales_summary` successfully.
2025-11-07 10:10:54,833 - INFO - Completed
